<?xml version="1.0" encoding="utf-8"?><testsuites><testsuite name="pytest" errors="0" failures="0" skipped="0" tests="5" time="2.173" timestamp="2024-07-08T22:07:21.573843" hostname="raspberrypi"><testcase classname="test_main.TestTelegramBotFunctions" name="test_add_budget_to_airtable" time="0.006" /><testcase classname="test_main.TestTelegramBotFunctions" name="test_add_expense_to_airtable" time="0.005" /><testcase classname="test_main.TestTelegramBotFunctions" name="test_environment_variables" time="0.002" /><testcase classname="test_main.TestTelegramBotFunctions" name="test_get_budget_from_airtable" time="0.005" /><testcase classname="test_main.TestTelegramBotFunctions" name="test_update_budget_in_airtable" time="0.005" /></testsuite></testsuites>